main DEBUG reflection.ReflectionUtil >>- Rejecting from long to int
main DEBUG reflection.ReflectionUtil >>- Rejecting from class java.lang.String to class java.lang.Integer
main DEBUG reflection.ReflectionUtil >>- Rejecting from class java.lang.String to class java.lang.Integer
main DEBUG reflection.ReflectionUtil >>- Rejecting from class java.lang.String to class java.lang.Integer
main DEBUG reflection.ReflectionUtil >>- Rejecting from class java.lang.String to class java.lang.Integer
main DEBUG reflection.ReflectionUtil >>- Rejecting from class java.lang.Object to class java.lang.String
main DEBUG reflection.ReflectionUtil >>- Rejecting from class java.lang.Object to class java.lang.String
main DEBUG reflection.ReflectionUtil >>- Rejecting from class java.lang.Object to class java.lang.String
main DEBUG reflection.ReflectionUtil >>- Rejecting from class java.lang.Object to class java.lang.String
main DEBUG reflection.ReflectionUtil >>- Rejecting from class java.lang.Object to class java.lang.String
main DEBUG reflection.ReflectionUtil >>- Rejecting from class java.lang.Object to class java.lang.String
main DEBUG reflection.ReflectionUtil >>- Rejecting from class java.lang.Object to class java.lang.String
main DEBUG reflection.ReflectionUtil >>- Rejecting from class java.lang.String to class java.lang.Integer
main DEBUG beanconverter.BeanConverter >>- com.victormiranda.beanconverter.model.Match@63a12c68
main ERROR reflection.ReflectionUtil >>- java.lang.IllegalAccessException: Class com.victormiranda.beanconverter.reflection.ReflectionUtil can not access a member of class com.victormiranda.beanconverter.reflection.Destination with modifiers "private"
main DEBUG reflection.ReflectionUtil >>- Rejecting from class java.lang.String to class java.lang.Integer
main DEBUG beanconverter.BeanConverter >>- com.victormiranda.beanconverter.model.Match@32b260fa
main DEBUG reflection.ReflectionUtil >>- Rejecting from class java.lang.String to class java.lang.Integer
main ERROR reflection.ReflectionUtil >>- java.lang.IllegalAccessException: Can not set static final [Z field com.victormiranda.beanconverter.DestinationBean.$jacocoData to [Z
main DEBUG beanconverter.BeanConverter >>- com.victormiranda.beanconverter.exception.ConversionError: java.lang.IllegalAccessException: Can not set static final [Z field com.victormiranda.beanconverter.DestinationBean.$jacocoData to [Z
main ERROR reflection.ReflectionUtil >>- java.lang.IllegalAccessException: Can not set static final [Z field com.victormiranda.beanconverter.DestinationBean.$jacocoData to [Z
main DEBUG beanconverter.BeanConverter >>- com.victormiranda.beanconverter.exception.ConversionError: java.lang.IllegalAccessException: Can not set static final [Z field com.victormiranda.beanconverter.DestinationBean.$jacocoData to [Z
